[    0.000000] Initializing cgroup subsys cpuset
[    0.000000] Initializing cgroup subsys cpu
[    0.000000] Initializing cgroup subsys cpuacct
[    0.000000] Linux version 4.4.0-141-generic (buildd@lcy01-amd64-027) (gcc version 5.4.0 20160609 (Ubuntu 5.4.0-6ubuntu1~16.04.10) ) #167-Ubuntu SMP Wed Dec 5 10:38:08 UTC 2018 (Ubuntu 4.4.0-141.167-generic 4.4.162)
[    0.000000] KERNEL supported cpus:
[    0.000000]   Intel GenuineIntel
[    0.000000]   AMD AuthenticAMD
[    0.000000]   NSC Geode by NSC
[    0.000000]   Cyrix CyrixInstead
[    0.000000]   Centaur CentaurHauls
[    0.000000]   Transmeta GenuineTMx86
[    0.000000]   Transmeta TransmetaCPU
[    0.000000]   UMC UMC UMC UMC
[    0.000000] x86/fpu: xstate_offset[2]:  576, xstate_sizes[2]:  256
[    0.000000] x86/fpu: Supporting XSAVE feature 0x01: 'x87 floating point registers'
[    0.000000] x86/fpu: Supporting XSAVE feature 0x02: 'SSE registers'
[    0.000000] x86/fpu: Supporting XSAVE feature 0x04: 'AVX registers'
[    0.000000] x86/fpu: Enabled xstate features 0x7, context size is 832 bytes, using 'standard' format.
[    0.000000] e820: BIOS-provided physical RAM map:
[    0.000000] BIOS-e820: [mem 0x0000000000000000-0x000000000009fbff] usable
[    0.000000] BIOS-e820: [mem 0x000000000009fc00-0x000000000009ffff] reserved
[    0.000000] BIOS-e820: [mem 0x00000000000f0000-0x00000000000fffff] reserved
[    0.000000] BIOS-e820: [mem 0x0000000000100000-0x000000003ffeffff] usable
[    0.000000] BIOS-e820: [mem 0x000000003fff0000-0x000000003fffffff] ACPI data
[    0.000000] BIOS-e820: [mem 0x00000000fec00000-0x00000000fec00fff] reserved
[    0.000000] BIOS-e820: [mem 0x00000000fee00000-0x00000000fee00fff] reserved
[    0.000000] BIOS-e820: [mem 0x00000000fffc0000-0x00000000ffffffff] reserved
[    0.000000] NX (Execute Disable) protection: active
[    0.000000] SMBIOS 2.5 present.
[    0.000000] Hypervisor detected: KVM
[    0.000000] e820: last_pfn = 0x3fff0 max_arch_pfn = 0x1000000
[    0.000000] MTRR: Disabled
[    0.000000] x86/PAT: MTRRs disabled, skipping PAT initialization too.
[    0.000000] CPU MTRRs all blank - virtualized system.
[    0.000000] x86/PAT: Configuration [0-7]: WB  WT  UC- UC  WB  WT  UC- UC  
[    0.000000] found SMP MP-table at [mem 0x0009fff0-0x0009ffff] mapped at [c009fff0]
[    0.000000] Scanning 1 areas for low memory corruption
[    0.000000] RAMDISK: [mem 0x3631c000-0x37185fff]
[    0.000000] ACPI: Early table checksum verification disabled
[    0.000000] ACPI: RSDP 0x00000000000E0000 000024 (v02 VBOX  )
[    0.000000] ACPI: XSDT 0x000000003FFF0030 00003C (v01 VBOX   VBOXXSDT 00000001 ASL  00000061)
[    0.000000] ACPI: FACP 0x000000003FFF00F0 0000F4 (v04 VBOX   VBOXFACP 00000001 ASL  00000061)
[    0.000000] ACPI: DSDT 0x000000003FFF0470 0021FF (v02 VBOX   VBOXBIOS 00000002 INTL 20100528)
[    0.000000] ACPI: FACS 0x000000003FFF0200 000040
[    0.000000] ACPI: FACS 0x000000003FFF0200 000040
[    0.000000] ACPI: APIC 0x000000003FFF0240 000054 (v02 VBOX   VBOXAPIC 00000001 ASL  00000061)
[    0.000000] ACPI: SSDT 0x000000003FFF02A0 0001CC (v01 VBOX   VBOXCPUT 00000002 INTL 20100528)
[    0.000000] 131MB HIGHMEM available.
[    0.000000] 891MB LOWMEM available.
[    0.000000]   mapped low ram: 0 - 37bfe000
[    0.000000]   low ram: 0 - 37bfe000
[    0.000000] kvm-clock: Using msrs 4b564d01 and 4b564d00
[    0.000000] kvm-clock: cpu 0, msr 0:37bfd001, primary cpu clock
[    0.000000] kvm-clock: using sched offset of 4909728519 cycles
[    0.000000] clocksource: kvm-clock: mask: 0xffffffffffffffff max_cycles: 0x1cd42e4dffb, max_idle_ns: 881590591483 ns
[    0.000000] Zone ranges:
[    0.000000]   DMA      [mem 0x0000000000001000-0x0000000000ffffff]
[    0.000000]   Normal   [mem 0x0000000001000000-0x0000000037bfdfff]
[    0.000000]   HighMem  [mem 0x0000000037bfe000-0x000000003ffeffff]
[    0.000000] Movable zone start for each node
[    0.000000] Early memory node ranges
[    0.000000]   node   0: [mem 0x0000000000001000-0x000000000009efff]
[    0.000000]   node   0: [mem 0x0000000000100000-0x000000003ffeffff]
[    0.000000] Initmem setup node 0 [mem 0x0000000000001000-0x000000003ffeffff]
[    0.000000] Using APIC driver default
[    0.000000] ACPI: PM-Timer IO Port: 0x4008
[    0.000000] IOAPIC[0]: apic_id 1, version 32, address 0xfec00000, GSI 0-23
[    0.000000] ACPI: INT_SRC_OVR (bus 0 bus_irq 0 global_irq 2 dfl dfl)
[    0.000000] ACPI: INT_SRC_OVR (bus 0 bus_irq 9 global_irq 9 low level)
[    0.000000] Using ACPI (MADT) for SMP configuration information
[    0.000000] smpboot: Allowing 1 CPUs, 0 hotplug CPUs
[    0.000000] PM: Registered nosave memory: [mem 0x00000000-0x00000fff]
[    0.000000] PM: Registered nosave memory: [mem 0x0009f000-0x0009ffff]
[    0.000000] PM: Registered nosave memory: [mem 0x000a0000-0x000effff]
[    0.000000] PM: Registered nosave memory: [mem 0x000f0000-0x000fffff]
[    0.000000] e820: [mem 0x40000000-0xfebfffff] available for PCI devices
[    0.000000] Booting paravirtualized kernel on KVM
[    0.000000] clocksource: refined-jiffies: mask: 0xffffffff max_cycles: 0xffffffff, max_idle_ns: 7645519600211568 ns
[    0.000000] setup_percpu: NR_CPUS:8 nr_cpumask_bits:8 nr_cpu_ids:1 nr_node_ids:1
[    0.000000] PERCPU: Embedded 19 pages/cpu @f71c3000 s47436 r0 d30388 u77824
[    0.000000] PV qspinlock hash table entries: 512 (order: 0, 4096 bytes)
[    0.000000] Built 1 zonelists in Zone order, mobility grouping on.  Total pages: 259800
[    0.000000] Kernel command line: BOOT_IMAGE=/boot/vmlinuz-4.4.0-141-generic root=UUID=1fcf1ded-2dc3-40a5-a562-f1e6dbe028b1 ro console=tty1 console=ttyS0
[    0.000000] PID hash table entries: 4096 (order: 2, 16384 bytes)
[    0.000000] Dentry cache hash table entries: 131072 (order: 7, 524288 bytes)
[    0.000000] Inode-cache hash table entries: 65536 (order: 6, 262144 bytes)
[    0.000000] Initializing CPU#0
[    0.000000] Initializing HighMem for node 0 (00037bfe:0003fff0)
[    0.000000] Initializing Movable for node 0 (00000000:00000000)
[    0.000000] Memory: 1008120K/1048120K available (8052K kernel code, 778K rwdata, 3180K rodata, 952K init, 800K bss, 40000K reserved, 0K cma-reserved, 135112K highmem)
[    0.000000] virtual kernel memory layout:
[    0.000000]     fixmap  : 0xfff15000 - 0xfffff000   ( 936 kB)
[    0.000000]     pkmap   : 0xffc00000 - 0xffe00000   (2048 kB)
[    0.000000]     vmalloc : 0xf83fe000 - 0xffbfe000   ( 120 MB)
[    0.000000]     lowmem  : 0xc0000000 - 0xf7bfe000   ( 891 MB)
[    0.000000]       .init : 0xc1bbe000 - 0xc1cac000   ( 952 kB)
[    0.000000]       .data : 0xc17dd3c4 - 0xc1bbc9c0   (3965 kB)
[    0.000000]       .text : 0xc1000000 - 0xc17dd3c4   (8052 kB)
[    0.000000] Checking if this processor honours the WP bit even in supervisor mode...Ok.
[    0.000000] SLUB: HWalign=64, Order=0-3, MinObjects=0, CPUs=1, Nodes=1
[    0.000000] Hierarchical RCU implementation.
[    0.000000] 	Build-time adjustment of leaf fanout to 32.
[    0.000000] 	RCU restricting CPUs from NR_CPUS=8 to nr_cpu_ids=1.
[    0.000000] RCU: Adjusting geometry for rcu_fanout_leaf=32, nr_cpu_ids=1
[    0.000000] NR_IRQS:2304 nr_irqs:256 16
[    0.000000] Console: colour VGA+ 80x25
[    0.000000] console [tty1] enabled
[    0.000000] console [ttyS0] enabled
[    0.000000] allocated 1048576 bytes of page_ext
[    0.000000] tsc: Detected 1799.999 MHz processor
[    1.127972] Calibrating delay loop (skipped) preset value.. 3599.99 BogoMIPS (lpj=7199996)
[    1.136058] pid_max: default: 32768 minimum: 301
[    1.137800] ACPI: Core revision 20150930
[    1.140330] ACPI: 2 ACPI AML tables successfully acquired and loaded
[    1.150132] Security Framework initialized
[    1.151825] Yama: becoming mindful.
[    1.179362] AppArmor: AppArmor initialized
[    1.200590] Mount-cache hash table entries: 2048 (order: 1, 8192 bytes)
[    1.213028] Mountpoint-cache hash table entries: 2048 (order: 1, 8192 bytes)
[    1.215743] Initializing cgroup subsys io
[    1.241171] Initializing cgroup subsys memory
[    1.244416] Initializing cgroup subsys devices
[    1.249789] Initializing cgroup subsys freezer
[    1.265061] Initializing cgroup subsys net_cls
[    1.266748] Initializing cgroup subsys perf_event
[    1.268533] Initializing cgroup subsys net_prio
[    1.290175] Initializing cgroup subsys hugetlb
[    1.306408] Initializing cgroup subsys pids
[    1.313121] mce: CPU supports 0 MCE banks
[    1.331082] process: using mwait in idle threads
[    1.336681] Last level iTLB entries: 4KB 64, 2MB 8, 4MB 8
[    1.363185] Last level dTLB entries: 4KB 64, 2MB 0, 4MB 0, 1GB 4
[    1.390439] Spectre V2 : Mitigation: Full generic retpoline
[    1.392543] Spectre V2 : Spectre v2 mitigation: Speculation control IBPB not-supported IBRS not-supported
[    1.400045] Spectre V2 : Spectre v2 / SpectreRSB mitigation: Filling RSB on context switch
[    1.411900] Speculative Store Bypass: Vulnerable
[    1.435452] Freeing SMP alternatives memory: 32K
[    1.445131] ftrace: allocating 31566 entries in 62 pages
[    1.513243] smpboot: APIC(0) Converting physical 0 to logical package 0
[    1.530737] smpboot: Max logical packages: 1
[    1.544635] Enabling APIC mode:  Flat.  Using 1 I/O APICs
[    1.554563] ..TIMER: vector=0x30 apic1=0 pin1=2 apic2=-1 pin2=-1
[    1.679577] smpboot: CPU0: Intel(R) Core(TM) i5-5350U CPU @ 1.80GHz (family: 0x6, model: 0x3d, stepping: 0x4)
[    1.702371] Performance Events: unsupported p6 CPU model 61 no PMU driver, software events only.
[    1.724606] KVM setup paravirtual spinlock
[    1.737993] x86: Booted up 1 node, 1 CPUs
[    1.751242] smpboot: Total of 1 processors activated (3599.99 BogoMIPS)
[    1.773830] devtmpfs: initialized
[    1.784493] evm: security.selinux
[    1.795895] evm: security.SMACK64
[    1.803851] evm: security.SMACK64EXEC
[    1.819934] evm: security.SMACK64TRANSMUTE
[    1.823515] evm: security.SMACK64MMAP
[    1.825164] evm: security.ima
[    1.830507] evm: security.capability
[    1.840914] clocksource: jiffies: mask: 0xffffffff max_cycles: 0xffffffff, max_idle_ns: 7645041785100000 ns
[    1.881346] futex hash table entries: 256 (order: 2, 16384 bytes)
[    1.892148] pinctrl core: initialized pinctrl subsystem
[    1.894528] RTC time: 11:08:32, date: 01/05/19
[    1.919288] NET: Registered protocol family 16
[    1.923761] EISA bus registered
[    1.926851] cpuidle: using governor ladder
[    1.933405] cpuidle: using governor menu
[    1.936274] PCCT header not found.
[    1.941627] ACPI: bus type PCI registered
[    1.947560] acpiphp: ACPI Hot Plug PCI Controller Driver version: 0.5
[    1.950330] PCI : PCI BIOS area is rw and x. Use pci=nobios if you want it NX.
[    1.953520] PCI: PCI BIOS revision 2.10 entry at 0xfda26, last bus=0
[    1.966268] PCI: Using configuration type 1 for base access
[    1.969799] ACPI: Added _OSI(Module Device)
[    1.972067] ACPI: Added _OSI(Processor Device)
[    1.974080] ACPI: Added _OSI(3.0 _SCP Extensions)
[    1.979554] ACPI: Added _OSI(Processor Aggregator Device)
[    1.984549] ACPI: Executed 1 blocks of module-level executable AML code
[    1.997017] ACPI: Interpreter enabled
[    1.999839] ACPI: (supports S0 S5)
[    2.002707] ACPI: Using IOAPIC for interrupt routing
[    2.006549] PCI: Using host bridge windows from ACPI; if necessary, use "pci=nocrs" and report a bug
[    2.046081] ACPI: PCI Root Bridge [PCI0] (domain 0000 [bus 00-ff])
[    2.052665] acpi PNP0A03:00: _OSC: OS supports [ASPM ClockPM Segments MSI]
[    2.074840] acpi PNP0A03:00: _OSC: not requesting OS control; OS requires [ExtendedConfig ASPM ClockPM MSI]
[    2.094762] acpi PNP0A03:00: fail to add MMCONFIG information, can't access extended PCI configuration space under this bridge.
[    2.099317] PCI host bridge to bus 0000:00
[    2.118059] pci_bus 0000:00: root bus resource [io  0x0000-0x0cf7 window]
[    2.120711] pci_bus 0000:00: root bus resource [io  0x0d00-0xffff window]
[    2.139673] pci_bus 0000:00: root bus resource [mem 0x000a0000-0x000bffff window]
[    2.151674] pci_bus 0000:00: root bus resource [mem 0x40000000-0xfdffffff window]
[    2.156199] pci_bus 0000:00: root bus resource [bus 00-ff]
[    2.169344] pci 0000:00:01.1: legacy IDE quirk: reg 0x10: [io  0x01f0-0x01f7]
[    2.180979] pci 0000:00:01.1: legacy IDE quirk: reg 0x14: [io  0x03f6]
[    2.210034] pci 0000:00:01.1: legacy IDE quirk: reg 0x18: [io  0x0170-0x0177]
[    2.240822] pci 0000:00:01.1: legacy IDE quirk: reg 0x1c: [io  0x0376]
[    2.274870] pci 0000:00:07.0: quirk: [io  0x4000-0x403f] claimed by PIIX4 ACPI
[    2.291369] pci 0000:00:07.0: quirk: [io  0x4100-0x410f] claimed by PIIX4 SMB
[    2.343182] ACPI: PCI Interrupt Link [LNKA] (IRQs 5 9 10 *11)
[    2.356029] ACPI: PCI Interrupt Link [LNKB] (IRQs 5 9 *10 11)
[    2.366519] ACPI: PCI Interrupt Link [LNKC] (IRQs 5 *9 10 11)
[    2.382630] ACPI: PCI Interrupt Link [LNKD] (IRQs 5 9 10 *11)
[    2.385713] ACPI: Enabled 2 GPEs in block 00 to 07
[    2.389361] vgaarb: setting as boot device: PCI:0000:00:02.0
[    2.410164] vgaarb: device added: PCI:0000:00:02.0,decodes=io+mem,owns=io+mem,locks=none
[    2.441669] vgaarb: loaded
[    2.447984] vgaarb: bridge control possible 0000:00:02.0
[    2.454734] SCSI subsystem initialized
[    2.460696] ACPI: bus type USB registered
[    2.465440] usbcore: registered new interface driver usbfs
[    2.478152] usbcore: registered new interface driver hub
[    2.482208] usbcore: registered new device driver usb
[    2.484377] PCI: Using ACPI for IRQ routing
[    2.494776] NetLabel: Initializing
[    2.500937] NetLabel:  domain hash size = 128
[    2.505773] NetLabel:  protocols = UNLABELED CIPSOv4
[    2.521010] NetLabel:  unlabeled traffic allowed by default
[    2.534119] amd_nb: Cannot enumerate AMD northbridges
[    2.550536] clocksource: Switched to clocksource kvm-clock
[    2.564519] AppArmor: AppArmor Filesystem Enabled
[    2.582804] pnp: PnP ACPI init
[    2.594237] pnp: PnP ACPI: found 3 devices
[    2.609976] PnPBIOS: Disabled by ACPI PNP
[    2.658558] clocksource: acpi_pm: mask: 0xffffff max_cycles: 0xffffff, max_idle_ns: 2085701024 ns
[    2.665279] NET: Registered protocol family 2
[    2.667283] TCP established hash table entries: 8192 (order: 3, 32768 bytes)
[    2.687173] TCP bind hash table entries: 8192 (order: 4, 65536 bytes)
[    2.703363] TCP: Hash tables configured (established 8192 bind 8192)
[    2.710535] UDP hash table entries: 512 (order: 2, 16384 bytes)
[    2.726552] UDP-Lite hash table entries: 512 (order: 2, 16384 bytes)
[    2.734616] NET: Registered protocol family 1
[    2.750161] pci 0000:00:00.0: Limiting direct PCI/PCI transfers
[    2.766350] pci 0000:00:01.0: Activating ISA DMA hang workarounds
[    2.780722] Unpacking initramfs...
[    3.062362] Freeing initrd memory: 14760K
[    3.069349] RAPL PMU detected, API unit is 2^-32 Joules, 4 fixed counters 10737418240 ms ovfl timer
[    3.074607] hw unit of domain pp0-core 2^-0 Joules
[    3.076491] hw unit of domain package 2^-0 Joules
[    3.078430] hw unit of domain dram 2^-0 Joules
[    3.080737] hw unit of domain pp1-gpu 2^-0 Joules
[    3.083411] platform rtc_cmos: registered platform RTC device (no PNP device found)
[    3.086895] Scanning for low memory corruption every 60 seconds
[    3.089857] audit: initializing netlink subsys (disabled)
[    3.100676] audit: type=2000 audit(1546686518.581:1): initialized
[    3.114931] Initialise system trusted keyring
[    3.122425] HugeTLB registered 2 MB page size, pre-allocated 0 pages
[    3.137033] zbud: loaded
[    3.139585] VFS: Disk quotas dquot_6.6.0
[    3.143181] VFS: Dquot-cache hash table entries: 1024 (order 0, 4096 bytes)
[    3.149996] squashfs: version 4.0 (2009/01/31) Phillip Lougher
[    3.161508] fuse init (API version 7.23)
[    3.164901] Key type big_key registered
[    3.169690] Allocating IMA MOK and blacklist keyrings.
[    3.174199] Key type asymmetric registered
[    3.183514] Asymmetric key parser 'x509' registered
[    3.187030] bounce: pool size: 64 pages
[    3.189744] Block layer SCSI generic (bsg) driver version 0.4 loaded (major 249)
[    3.213309] io scheduler noop registered
[    3.241615] io scheduler deadline registered (default)
[    3.263146] io scheduler cfq registered
[    3.292677] pci_hotplug: PCI Hot Plug PCI Core version: 0.5
[    3.301461] pciehp: PCI Express Hot Plug Controller Driver version: 0.4
[    3.341172] ACPI: AC Adapter [AC] (off-line)
[    3.355731] input: Power Button as /devices/LNXSYSTM:00/LNXPWRBN:00/input/input0
[    3.399287] ACPI: Power Button [PWRF]
[    3.413063] input: Sleep Button as /devices/LNXSYSTM:00/LNXSLPBN:00/input/input1
[    3.460855] ACPI: Sleep Button [SLPF]
[    3.465972] ACPI: Battery Slot [BAT0] (battery present)
[    3.471401] GHES: HEST is not enabled!
[    3.473168] Serial: 8250/16550 driver, 32 ports, IRQ sharing enabled
[    3.483124] isapnp: Scanning for PnP cards...
[    3.543461] 00:02: ttyS0 at I/O 0x3f8 (irq = 4, base_baud = 115200) is a 16550A
[    3.612772] Linux agpgart interface v0.103
[    3.618999] loop: module loaded
[    3.668801] scsi host0: ata_piix
[    3.672047] scsi host1: ata_piix
[    3.676836] ata1: PATA max UDMA/33 cmd 0x1f0 ctl 0x3f6 bmdma 0xd000 irq 14
[    3.691399] ata2: PATA max UDMA/33 cmd 0x170 ctl 0x376 bmdma 0xd008 irq 15
[    3.695025] libphy: Fixed MDIO Bus: probed
[    3.702700] tun: Universal TUN/TAP device driver, 1.6
[    3.706426] tun: (C) 1999-2004 Max Krasnyansky <maxk@qualcomm.com>
[    3.709322] PPP generic driver version 2.4.2
[    3.768608] ehci_hcd: USB 2.0 'Enhanced' Host Controller (EHCI) Driver
[    3.771315] ehci-pci: EHCI PCI platform driver
[    3.786884] ehci-platform: EHCI generic platform driver
[    3.847341] ohci_hcd: USB 1.1 'Open' Host Controller (OHCI) Driver
[    3.856253] ohci-pci: OHCI PCI platform driver
[    3.871116] ohci-platform: OHCI generic platform driver
[    3.873361] uhci_hcd: USB Universal Host Controller Interface driver
[    3.934070] i8042: PNP: PS/2 Controller [PNP0303:PS2K,PNP0f03:PS2M] at 0x60,0x64 irq 1,12
[    3.943395] serio: i8042 KBD port at 0x60,0x64 irq 1
[    3.950814] serio: i8042 AUX port at 0x60,0x64 irq 12
[    4.024773] mousedev: PS/2 mouse device common for all mice
[    4.027584] input: AT Translated Set 2 keyboard as /devices/platform/i8042/serio0/input/input2
[    4.048664] rtc_cmos rtc_cmos: rtc core: registered rtc_cmos as rtc0
[    4.056863] rtc_cmos rtc_cmos: alarms up to one day, 114 bytes nvram
[    4.083056] tsc: Refined TSC clocksource calibration: 1800.315 MHz
[    4.091474] clocksource: tsc: mask: 0xffffffffffffffff max_cycles: 0x19f353301ea, max_idle_ns: 440795293097 ns
[    4.102110] i2c /dev entries driver
[    4.161254] device-mapper: uevent: version 1.0.3
[    4.173993] device-mapper: ioctl: 4.34.0-ioctl (2015-10-28) initialised: dm-devel@redhat.com
[    4.177984] platform eisa.0: Probing EISA bus 0
[    4.190837] platform eisa.0: EISA: Cannot allocate resource for mainboard
[    4.193724] platform eisa.0: Cannot allocate resource for EISA slot 1
[    4.245745] isapnp: No Plug & Play device found
[    4.247758] platform eisa.0: Cannot allocate resource for EISA slot 2
[    4.250793] platform eisa.0: Cannot allocate resource for EISA slot 3
[    4.254022] platform eisa.0: Cannot allocate resource for EISA slot 4
[    4.261257] platform eisa.0: Cannot allocate resource for EISA slot 5
[    4.267007] platform eisa.0: Cannot allocate resource for EISA slot 6
[    4.273797] platform eisa.0: Cannot allocate resource for EISA slot 7
[    4.301750] platform eisa.0: Cannot allocate resource for EISA slot 8
[    4.327717] platform eisa.0: EISA: Detected 0 cards
[    4.354962] cpufreq-nforce2: No nForce2 chipset.
[    4.368993] ledtrig-cpu: registered to indicate activity on CPUs
[    4.399006] NET: Registered protocol family 10
[    4.425256] NET: Registered protocol family 17
[    4.437974] Key type dns_resolver registered
[    4.440372] Using IPI No-Shortcut mode
[    4.443260] registered taskstats version 1
[    4.445005] Loading compiled-in X.509 certificates
[    4.449748] Loaded X.509 cert 'Build time autogenerated kernel key: 8ee7231a1e42e4b4a17d0e4b95c66ffe15d3b32e'
[    4.454067] zswap: loaded using pool lzo/zbud
[    4.458754] Key type trusted registered
[    4.463930] Key type encrypted registered
[    4.465787] AppArmor: AppArmor sha1 policy hashing enabled
[    4.468399] ima: No TPM chip found, activating TPM-bypass!
[    4.470687] ima: Allocated hash algorithm: sha1
[    4.473161] evm: HMAC attrs: 0x1
[    4.476531]   Magic number: 3:573:124
[    4.478227] rtc_cmos rtc_cmos: setting system clock to 2019-01-05 11:08:35 UTC (1546686515)
[    4.482529] BIOS EDD facility v0.16 2004-Jun-25, 0 devices found
[    4.485001] EDD information not available.
[    4.488888] Freeing unused kernel memory: 952K
[    4.503192] Write protecting the kernel text: 8056k
[    4.505410] Write protecting the kernel read-only data: 3184k
[    4.508119] NX-protecting the kernel data: 6280k
Loading, please wait...
starting version 229
[    4.528541] random: udevadm: uninitialized urandom read (16 bytes read, 4 bits of entropy available)
[    4.537579] random: systemd-udevd: uninitialized urandom read (16 bytes read, 4 bits of entropy available)
[    4.590471] random: udevadm: uninitialized urandom read (16 bytes read, 4 bits of entropy available)
[    4.609625] random: systemd-udevd: uninitialized urandom read (16 bytes read, 4 bits of entropy available)
[    4.620308] random: systemd-udevd: uninitialized urandom read (16 bytes read, 4 bits of entropy available)
[    4.631386] random: udevadm: uninitialized urandom read (16 bytes read, 4 bits of entropy available)
[    4.670878] random: udevadm: uninitialized urandom read (16 bytes read, 4 bits of entropy available)
[    4.726546] random: udevadm: uninitialized urandom read (16 bytes read, 4 bits of entropy available)
[    4.834237] random: udevadm: uninitialized urandom read (16 bytes read, 4 bits of entropy available)
[    4.838562] random: udevadm: uninitialized urandom read (16 bytes read, 4 bits of entropy available)
[    4.906356] e1000: Intel(R) PRO/1000 Network Driver - version 7.3.21-k8-NAPI
[    4.909928] e1000: Copyright (c) 1999-2006 Intel Corporation.
[    4.965453] Fusion MPT base driver 3.04.20
[    4.969605] Copyright (c) 1999-2008 LSI Corporation
[    5.049272] Fusion MPT SPI Host driver 3.04.20
[    5.164816] input: ImExPS/2 Generic Explorer Mouse as /devices/platform/i8042/serio1/input/input4
[    5.477597] e1000 0000:00:03.0 eth0: (PCI:33MHz:32-bit) 02:d4:45:2a:49:3f
[    5.480732] e1000 0000:00:03.0 eth0: Intel(R) PRO/1000 Network Connection
[    5.491254] mptbase: ioc0: Initiating bringup
[    5.561790] ioc0: LSI53C1030 A0: Capabilities={Initiator}
[    5.732982] scsi host2: ioc0: LSI53C1030 A0, FwRev=00000000h, Ports=1, MaxQ=256, IRQ=20
[    5.857154] scsi 2:0:0:0: Direct-Access     VBOX     HARDDISK         1.0  PQ: 0 ANSI: 5
[    5.862770] scsi target2:0:0: Beginning Domain Validation
[    5.866430] scsi target2:0:0: Domain Validation skipping write tests
[    5.868974] scsi target2:0:0: Ending Domain Validation
[    5.871179] scsi target2:0:0: asynchronous
[    5.875261] scsi 2:0:1:0: Direct-Access     VBOX     HARDDISK         1.0  PQ: 0 ANSI: 5
[    5.878589] scsi target2:0:1: Beginning Domain Validation
[    5.943461] scsi target2:0:1: Domain Validation skipping write tests
[    5.951015] scsi target2:0:1: Ending Domain Validation
[    5.978162] scsi target2:0:1: asynchronous
[    6.149702] sd 2:0:0:0: Attached scsi generic sg0 type 0
[    6.153082] sd 2:0:0:0: [sda] 20971520 512-byte logical blocks: (10.7 GB/10.0 GiB)
[    6.170402] sd 2:0:1:0: [sdb] 20480 512-byte logical blocks: (10.5 MB/10.0 MiB)
[    6.190900] sd 2:0:1:0: Attached scsi generic sg1 type 0
[    6.216051] sd 2:0:0:0: [sda] Write Protect is off
[    6.226949] sd 2:0:0:0: [sda] Incomplete mode parameter data
[    6.241480] sd 2:0:0:0: [sda] Assuming drive cache: write through
[    6.267811] sd 2:0:1:0: [sdb] Write Protect is off
[    6.306041] sd 2:0:1:0: [sdb] Incomplete mode parameter data
[    6.320069] sd 2:0:1:0: [sdb] Assuming drive cache: write through
[    6.359434]  sda: sda1
[    6.382680] sd 2:0:0:0: [sda] Attached SCSI disk
[    6.422764] sd 2:0:1:0: [sdb] Attached SCSI disk
[    6.515499] e1000 0000:00:08.0 eth1: (PCI:33MHz:32-bit) 08:00:27:4e:4c:e2
[    6.529415] e1000 0000:00:08.0 eth1: Intel(R) PRO/1000 Network Connection
[    6.537972] e1000 0000:00:08.0 enp0s8: renamed from eth1
[    6.545047] e1000 0000:00:03.0 enp0s3: renamed from eth0
Begin: Loading essential drivers ... [    7.977731] md: linear personality registered for level -1
[    7.988372] md: multipath personality registered for level -4
[    8.000408] md: raid0 personality registered for level 0
[    8.016246] md: raid1 personality registered for level 1
[    8.098989] raid6: mmxx1    gen()  3282 MB/s
[    8.179335] raid6: mmxx2    gen()  4996 MB/s
[    8.251121] raid6: sse1x1   gen()  3489 MB/s
[    8.320212] raid6: sse1x2   gen()  4738 MB/s
[    8.391153] raid6: sse2x1   gen()  7880 MB/s
[    8.466606] raid6: sse2x1   xor()  4317 MB/s
[    8.534616] raid6: sse2x2   gen()  7014 MB/s
[    8.603035] raid6: sse2x2   xor()  5616 MB/s
[    8.674735] raid6: avx2x1   gen() 13346 MB/s
[    8.746670] raid6: avx2x2   gen() 14318 MB/s
[    8.749324] raid6: using algorithm avx2x2 gen() 14318 MB/s
[    8.762511] raid6: using avx2x1 recovery algorithm
[    8.768908] xor: automatically using best checksumming function:
[    8.814706]    avx       : 24518.000 MB/sec
[    8.825638] async_tx: api initialized (async)
[    8.857311] md: raid6 personality registered for level 6
[    8.865178] md: raid5 personality registered for level 5
[    8.880643] md: raid4 personality registered for level 4
[    8.908614] md: raid10 personality registered for level 10
done.
Begin: Running /scripts/init-premount ... done.
Begin: Mounting root file system ... Begin: Running /scripts/local-top ... done.
Begin: Running /scripts/local-premount ... [    9.037509] Btrfs loaded
Scanning for Btrfs filesystems
done.
Warning: fsck not present, so sk[    9.102246] EXT4-fs (sda1): INFO: recovery required on readonly filesystem
ipping root file system
[    9.125722] EXT4-fs (sda1): write access will be enabled during recovery
[    9.160058] EXT4-fs (sda1): orphan cleanup on readonly fs
[    9.174748] EXT4-fs (sda1): 7 orphan inodes deleted
[    9.181042] EXT4-fs (sda1): recovery complete
[    9.189866] EXT4-fs (sda1): mounted filesystem with ordered data mode. Opts: (null)
done.
Begin: Running /scripts/local-bottom ... done.
Begin: Running /scripts/init-bottom ... done.
[    9.447722] systemd[1]: systemd 229 running in system mode. (+PAM +AUDIT +SELINUX +IMA +APPARMOR +SMACK +SYSVINIT +UTMP +LIBCRYPTSETUP +GCRYPT +GNUTLS +ACL +XZ -LZ4 +SECCOMP +BLKID +ELFUTILS +KMOD -IDN)
[    9.490297] systemd[1]: Detected virtualization oracle.
[    9.493350] systemd[1]: Detected architecture x86.

Welcome to [1mUbuntu 16.04.5 LTS[0m!

[    9.532499] systemd[1]: Set hostname to <kouosl>.
[    9.955339] systemd[1]: Reached target System Time Synchronized.
[[0;32m  OK  [0m] Reached target System Time Synchronized.
[    9.983914] systemd[1]: Created slice User and Session Slice.
[[0;32m  OK  [0m] Created slice User and Session Slice.
[   10.007792] systemd[1]: Listening on /dev/initctl Compatibility Named Pipe.
[[0;32m  OK  [0m] Listening on /dev/initctl Compatibility Named Pipe.
[   10.032400] systemd[1]: Listening on udev Kernel Socket.
[[0;32m  OK  [0m] Listening on udev Kernel Socket.
[   10.060345] systemd[1]: Listening on LVM2 poll daemon socket.
[[0;32m  OK  [0m] Listening on LVM2 poll daemon socket.
[   10.073045] systemd[1]: Listening on Journal Socket (/dev/log).
[[0;32m  OK  [0m] Listening on Journal Socket (/dev/log).
[   10.096501] systemd[1]: Listening on Journal Socket.
[[0;32m  OK  [0m] Listening on Journal Socket.
[   10.116087] systemd[1]: Listening on udev Control Socket.
[[0;32m  OK  [0m] Listening on udev Control Socket.
[   10.132934] systemd[1]: Created slice System Slice.
[[0;32m  OK  [0m] Created slice System Slice.
[   10.169373] systemd[1]: Mounting POSIX Message Queue File System...
         [   10.194300] random: nonblocking pool is initialized
Mounting POSIX Message Queue File System...
[   10.220439] systemd[1]: Mounting Debug File System...
         Mounting Debug File System...
[   10.236666] systemd[1]: Starting Load Kernel Modules...
         Starting Load Kernel Modules...
[   10.252969] systemd[1]: Starting Remount Root and Kernel File Systems...
         Starting Remount Root and Kernel File Systems...
[   10.278309] Loading iSCSI transport class v2.0-870.
[   10.285351] systemd[1]: Listening on Device-mapper event daemon FIFOs.
[[0;32m  OK  [0[   10.289850] EXT4-fs (sda1): re-mounted. Opts: (null)
m] Listening on Device-mapper event daemon FIFOs.
[   10.308618] systemd[1]: Reached target Swap.
[[0;32m  OK  [0m] Reached target Swap.
[   10.328180] systemd[1]: Starting Set console keymap...
[   10.335549] iscsi: registered transport (tcp)
         Starting Set console keymap...
[   10.358956] systemd[1]: Listening on Syslog Socket.
[[0;32m  OK  [0m] Listening on Syslog Socket.
[   10.381125] systemd[1]: Set up automount Arbitrary Executable File Formats File System Automount Point.
[[0;32m  OK  [0m] Set up automount Arbitrary Executab...ats File System Automount Point.
[   10.440122] systemd[1]: Starting Create list of required static device nodes for the current kernel...
         Starting Create list of required st... nodes for the current kernel...
[   10.475084] systemd[1]: Reached target Encrypted Volumes.
[[0;32m  OK  [0m] Reached target Encrypted Volumes.
[   10.492265] systemd[1]: Mounting Huge Pages File System...
[   10.498092] iscsi: registered transport (iser)
         Mounting Huge Pages File System...
[   10.507198] systemd[1]: Reached target User and Group Name Lookups.
[[0;32m  OK  [0m] Reached target User and Group Name Lookups.
[   10.535693] systemd[1]: Reached target Slices.
[[0;32m  OK  [0m] Reached target Slices.
[   10.550390] systemd[1]: Started Trigger resolvconf update for networkd DNS.
[[0;32m  OK  [0m] Started Trigger resolvconf update for networkd DNS.
[   10.572355] systemd[1]: Starting Nameserver information manager...
         Starting Nameserver information manager...
[   10.586649] systemd[1]: Listening on LVM2 metadata daemon socket.
[[0;32m  OK  [0m] Listening on LVM2 metadata daemon socket.
[   10.596148] systemd[1]: Starting Monitoring of LVM2 mirrors, snapshots etc. using dmeventd or progress polling...
         Starting Monitoring of LVM2 mirrors... dmeventd or progress polling...
[   10.615800] systemd[1]: Started Forward Password Requests to Wall Directory Watch.
[[0;32m  OK  [0m] Started Forward Password Requests to Wall Directory Watch.
[   10.652797] systemd[1]: Created slice system-serial\x2dgetty.slice.
[[0;32m  OK  [0m] Created slice system-serial\x2dgetty.slice.
[   10.661098] systemd[1]: Starting Uncomplicated firewall...
         Starting Uncomplicated firewall...
[   10.667314] systemd[1]: Listening on Journal Audit Socket.
[[0;32m  OK  [0m] Listening on Journal Audit Socket.
[   10.696331] systemd[1]: Starting Journal Service...
         Starting Journal Service...
[   10.710006] systemd[1]: Mounted Debug File System.
[[0;32m  OK  [0m] Mounted Debug File System.
[   10.723480] systemd[1]: Mounted Huge Pages File System.
[[0;32m  OK  [0m] Mounted Huge Pages File System.
[   10.741661] systemd[1]: Mounted POSIX Message Queue File System.
[[0;32m  OK  [0m] Mounted POSIX Message Queue File System.
[   10.787362] systemd[1]: Started Journal Service.
[[0;32m  OK  [0m] Started Journal Service.
[[0;32m  OK  [0m] Started Load Kernel Modules.
[[0;32m  OK  [0m] Started Remount Root and Kernel File Systems.
[[0;32m  OK  [0m] Started Set console keymap.
[[0;32m  OK  [0m] Started Create list of required sta...ce nodes for the current kernel.
[[0;32m  OK  [0m] Started Uncomplicated firewall.
[[0;32m  OK  [0m] Started Nameserver information manager.
[[0;32m  OK  [0m] Started LVM2 metadata daemon.
         Starting Create Static Device Nodes in /dev...
         Starting udev Coldplug all Devices...
         Starting Load/Save Random Seed...
         Starting Apply Kernel Variables...
         Mounting FUSE Control File System...
         Starting Flush Journal to Persistent Storage...
[[0;32m  OK  [0m] Mounted FUSE Control File System.
[[0;32m  OK  [0m] Started Create Static Device Nodes in /dev.
[[0;32m  OK  [0m] Started Load/Save Random Seed.
[[0;32m  OK  [0m] Started Apply Kernel Variables.
[[0;32m  OK  [0m] Started udev Coldplug all Devices.
[[0;32m  OK  [0m] Started Monitoring of LVM2 mirrors,...ng dmeventd or progress polling.
[[0;32m  OK  [0m] Started Flush Journal to Persistent Storage.
         Starting udev Kernel Device Manager...
[[0;32m  OK  [0m] Started udev Kernel Device Manager.
[[0;32m  OK  [0m] Reached target Local File Systems (Pre).
[[0;32m  OK  [0m] Reached target Local File Systems.
         Starting Create Volatile Files and Directories...
         Starting LSB: AppArmor initialization...
         Starting Tell Plymouth To Write Out Runtime Data...
         Starting Initial cloud-init job (pre-networking)...
         Starting Set console font and keymap...
[[0;32m  OK  [0m] Started Dispatch Password Requests to Console Directory Watch.
[[0;32m  OK  [0m] Started Create Volatile Files and Directories.
[[0;32m  OK  [0m] Started Tell Plymouth To Write Out Runtime Data.
         Starting Update UTMP about System Boot/Shutdown...
[[0;32m  OK  [0m] Started Update UTMP about System Boot/Shutdown.
[[0;32m  OK  [0m] Started LSB: AppArmor initialization.
[[0;32m  OK  [0m] Found device /dev/ttyS0.
[[0;32m  OK  [0m] Listening on Load/Save RF Kill Switch Status /dev/rfkill Watch.
[[0;32m  OK  [0m] Started Set console font and keymap.
[[0;32m  OK  [0m] Found device 82540EM Gigabit Ethern...r (PRO/1000 MT Desktop Adapter).
[[0;32m  OK  [0m] Found device 82540EM Gigabit Ethern...r (PRO/1000 MT Desktop Adapter).
[[0;32m  OK  [0m] Created slice system-getty.slice.
[   12.435155] cloud-init[501]: Cloud-init v. 18.3-9-g2e62cb8a-0ubuntu1~16.04.2 running 'init-local' at Sat, 05 Jan 2019 11:08:44 +0000. Up 11.94 seconds.
[[0;32m  OK  [0m] Started Initial cloud-init job (pre-networking).
[[0;32m  OK  [0m] Reached target Network (Pre).
[[0;32m  OK  [0m] Started ifup for enp0s8.
         Starting Raise network interfaces...
[[0;32m  OK  [0m] Started ifup for enp0s3.
[[0;32m  OK  [0m] Started Raise network interfaces.
         Starting Initial cloud-init job (metadata service crawler)...
[[0;32m  OK  [0m] Reached target Network.
[   13.610343] cloud-init[1056]: Cloud-init v. 18.3-9-g2e62cb8a-0ubuntu1~16.04.2 running 'init' at Sat, 05 Jan 2019 11:08:46 +0000. Up 13.15 seconds.
[   13.654760] [[0;32m  OK  [0m] Started Initial cloud-init job (metadata service crawler).
[[0;32m  OK  [0m] Reached target Network is Online.
         Starting iSCSI initiator daemon (iscsid)...
[[0;32m  OK  [0m] Reached target Cloud-config availability.
[[0;32m  OK  [0m] Reached target System Initialization.
[[0;32m  OK  [0m] Listening on ACPID Listen Socket.
[[0;32m  OK  [0m] Listening on UUID daemon activation socket.
         Starting LXD - unix socket.
[[0;32m  OK  [0m] Started Daily Cleanup of Temporary Directories.
[[0;32m  OK  [0m] Listening on D-Bus System Message Bus Socket.
cloud-init[1056]: ci-info: ++++++++++++++++++++++++++++++++++++++Net device info+++++++++++++++++++++++++++++++++++++++
[   13.780365] cloud-init[1056]: ci-info: +--------+------+-----------------------------+---------------+--------+-------------------+
[[0;32m  OK  [0m] Started Daily apt download activities.
[[0;32m  OK  [0m] Started Daily apt upgrade and clean activities.
[[0;32m  OK  [0m] Reached target Timers.
         Starting Socket activation for snappy daemon.
[   13.804272] cloud-init[1056]: ci-info: | Device |  Up  |           Address           |      Mask     | Scope  |     Hw-Address    |
[[0;32m  OK  [0m] [   13.876415] cloud-init[1056]: ci-info: +--------+------+-----------------------------+---------------+--------+-------------------+
[   13.877148] cloud-init[1056]: ci-info: | enp0s3 | True |          10.0.2.15          | 255.255.255.0 | global | 02:d4:45:2a:49:3f |
[   13.877199] cloud-init[1056]: ci-info: | enp0s3 | True |  fe80::d4:45ff:fe2a:493f/64 |       .       |  link  | 02:d4:45:2a:49:3f |
[   13.877240] cloud-init[1056]: ci-info: | enp0s8 | True |        192.168.83.137       | 255.255.255.0 | global | 08:00:27:4e:4c:e2 |
[   13.877292] cloud-init[1056]: ci-info: | enp0s8 | True | fe80::a00:27ff:fe4e:4ce2/64 |       .       |  link  | 08:00:27:4e:4c:e2 |
[   13.877334] cloud-init[1056]: ci-info: |   lo   | True |          127.0.0.1          |   255.0.0.0   |  host  |         .         |
[   13.877373] cloud-init[1056]: ci-info: |   lo   | True |           ::1/128           |       .       |  host  |         .         |
[   13.877412] cloud-init[1056]: ci-info: +--------+------+-----------------------------+---------------+--------+-------------------+
[   13.877450] cloud-init[1056]: ci-info: ++++++++++++++++++++++++++++Route IPv4 info++++++++++++++++++++++++++++
[   13.877490] cloud-init[1056]: ci-info: +-------+--------------+----------+---------------+-----------+-------+
[   13.877529] cloud-init[1056]: ci-info: | Route | Destination  | Gateway  |    Genmask    | Interface | Flags |
[   13.877567] cloud-init[1056]: ci-info: +-------+--------------+----------+---------------+-----------+-------+
[   13.877615] cloud-init[1056]: ci-info: |   0   |   0.0.0.0    | 10.0.2.2 |    0.0.0.0    |   enp0s3  |   UG  |
[   13.877656] cloud-init[1056]: ci-info: |   1   |   10.0.2.0   | 0.0.0.0  | 255.255.255.0 |   enp0s3  |   U   |
[   13.877695] cloud-init[1056]: ci-info: |   2   | 192.168.83.0 | 0.0.0.0  | 255.255.255.0 |   enp0s8  |   U   |
[   13.877733] cloud-init[1056]: ci-info: +-------+--------------+----------+---------------+-----------+-------+
[   13.877771] cloud-init[1056]: ci-info: +++++++++++++++++++Route IPv6 info+++++++++++++++++++
[   13.877810] cloud-init[1056]: ci-info: +-------+-------------+---------+-----------+-------+
[   13.878037] cloud-init[1056]: ci-info: | Route | Destination | Gateway | Interface | Flags |
[   13.878081] cloud-init[1056]: ci-info: +-------+-------------+---------+-----------+-------+
[   13.878130] cloud-init[1056]: ci-info: |   0   |  fe80::/64  |    ::   |   enp0s8  |   U   |
[   13.878172] cloud-init[1056]: ci-info: |   1   |  fe80::/64  |    ::   |   enp0s3  |   U   |
[   13.878212] cloud-init[1056]: ci-info: |   4   |   ff00::/8  |    ::   |   enp0s8  |   U   |
[   13.878250] cloud-init[1056]: ci-info: |   5   |   ff00::/8  |    ::   |   enp0s3  |   U   |
[   13.878290] cloud-init[1056]: ci-info: +-------+-------------+---------+-----------+-------+
Started ACPI Events Check.
[[0;32m  OK  [0m] Reached target Paths.
[[0;32m  OK  [0m] Listening on LXD - unix socket.
[[0;32m  OK  [0m] Listening on Socket activation for snappy daemon.
[[0;32m  OK  [0m] Started iSCSI initiator daemon (iscsid).
         Starting Login to default iSCSI targets...
[[0;32m  OK  [0m] Reached target Sockets.
[[0;32m  OK  [0m] Reached target Basic System.
         Starting Virtualbox guest utils...
[[0;32m  OK  [0m] Started Regular background program processing daemon.
         Starting System Logging Service...
[[0;32m  OK  [0m] Started Deferred execution scheduler.
         Starting Login Service...
         Starting /etc/rc.local Compatibility...
[[0;32m  OK  [0m] Started D-Bus System Message Bus.
         Starting LSB: Record successful boot for GRUB...
[[0;32m  OK  [0m] Started ACPI event daemon.
[[0;32m  OK  [0m] Started FUSE filesystem for LXC.
         Starting Accounts Service...
[[0;32m  OK  [0m] Started Unattended Upgrades Shutdown.
         Starting Snappy daemon...
         Starting OpenBSD Secure Shell server...
         Starting LSB: MD monitoring daemon...
         Starting LXD - container startup/shutdown...
[[0;32m  OK  [0m] Started System Logging Service.
[[0;32m  OK  [0m] Started /etc/rc.local Compatibility.
[[0;32m  OK  [0m] Started Login to default iSCSI targets.
[[0;32m  OK  [0m] Started LSB: Record successful boot for GRUB.
[[0;32m  OK  [0m] Started LXD - container startup/shutdown.
[[0;32m  OK  [0m] Started LSB: MD monitoring daemon.
[[0;32m  OK  [0m] Started OpenBSD Secure Shell server.
[[0;32m  OK  [0m] Started Login Service.
         Starting Authenticate and Authorize Users to Run Privileged Tasks...
[[0;32m  OK  [0m] Reached target Remote File Systems (Pre).
[[0;32m  OK  [0m] Reached target Remote File Systems.
         Starting LSB: Start and stop the mysql database server daemon...
         Starting LSB: Apache2 web server...
         Starting LSB: Set the CPU Frequency Scaling governor to "ondemand"...
         Starting Permit User Sessions...
         Starting LSB: automatic crash report generation...
         Starting LSB: daemon to balance interrupts for SMP systems...
[[0;32m  OK  [0m] Started Snappy daemon.
[[0;32m  OK  [0m] Started Virtualbox guest utils.
[[0;32m  OK  [0m] Started Permit User Sessions.
[[0;32m  OK  [0m] Started Authenticate and Authorize Users to Run Privileged Tasks.
[[0;32m  OK  [0m] Started Accounts Service.
[[0;32m  OK  [0m] Started LSB: Set the CPU Frequency Scaling governor to "ondemand".
         Starting Hold until boot process finishes up...
         Starting Terminate Plymouth Boot Screen...
         Starting Wait until snapd is fully seeded...
[[0;32m  OK  [0m] Started Hold until boot process finishes up.
[[0;32m  OK  [0m] Started Terminate Plymouth Boot Screen.
[[0;32m  OK  [0m] Started LSB: daemon to balance interrupts for SMP systems.
[[0;32m  OK  [0m] Started LSB: automatic crash report generation.
[[0;32m  OK  [0m] Started Wait until snapd is fully seeded.
         Starting Apply the settings specified in cloud-config...
[[0;32m  OK  [0m] Started Getty on tty1.
[[0;32m  OK  [0m] Started Serial Getty on ttyS0.
[[0;32m  OK  [0m] Reached target Login Prompts.
         Starting Set console scheme...
[[0;32m  OK  [0m] Started Set console scheme.
[[0;32m  OK  [0m] Created slice User Slice of vagrant.
         Starting User Manager for UID 1000...
[[0;32m  OK  [0m] Started Session 1 of user vagrant.
[[0;32m  OK  [0m] Started User Manager for UID 1000.
[[0;32m  OK  [0m] Started LSB: Apache2 web server.
[[0;32m  OK  [0m] Started LSB: Start and stop the mysql database server daemon.
[[0;32m  OK  [0m] Reached target Multi-User System.
[[0;32m  OK  [0m] Reached target Graphical Interface.
         Starting Update UTMP about System Runlevel Changes...
[[0;32m  OK  [0m] Started Update UTMP about System Runlevel Changes.
[   17.105989] cloud-init[1348]: Cloud-init v. 18.3-9-g2e62cb8a-0ubuntu1~16.04.2 running 'modules:config' at Sat, 05 Jan 2019 11:08:49 +0000. Up 16.43 seconds.
[[0;32m  OK  [0m] Started Apply the settings specified in cloud-config.
         Starting Execute cloud user/final scripts...
[   18.402340] cloud-init[1685]: Cloud-init v. 18.3-9-g2e62cb8a-0ubuntu1~16.04.2 running 'modules:final' at Sat, 05 Jan 2019 11:08:51 +0000. Up 18.09 seconds.
[   18.426720] cloud-init[1685]: Cloud-init v. 18.3-9-g2e62cb8a-0ubuntu1~16.04.2 finished at Sat, 05 Jan 2019 11:08:51 +0000. Datasource DataSourceNoCloud [seed=/dev/sdb][dsmode=net].  Up 18.39 seconds
[[0;32m  OK  [0m] Started Execute cloud user/final scripts.
[[0;32m  OK  [0m] Reached target Cloud-init target.

Ubuntu 16.04.5 LTS kouosl ttyS0

kouosl login: 